# JRE version: Java(TM) SE Runtime Environment (8.0_171-b11) (build 1.8.0_171-b11)
# Java VM: Java HotSpot(TM) 64-Bit Server VM (25.171-b11 mixed mode windows-amd64 compressed oops)
Heap:
 PSYoungGen      total 676352K, used 451641K [0x00000000d5d80000, 0x0000000100000000, 0x0000000100000000)
  eden space 663040K, 68% used [0x00000000d5d80000,0x00000000f166e7b0,0x00000000fe500000)
  from space 13312K, 0% used [0x00000000ff300000,0x00000000ff320000,0x0000000100000000)
  to   space 13824K, 0% used [0x00000000fe500000,0x00000000fe500000,0x00000000ff280000)
 ParOldGen       total 87552K, used 19473K [0x0000000081800000, 0x0000000086d80000, 0x00000000d5d80000)
  object space 87552K, 22% used [0x0000000081800000,0x0000000082b04480,0x0000000086d80000)
 Metaspace       used 16811K, capacity 17522K, committed 17792K, reserved 1064960K
  class space    used 2370K, capacity 2564K, committed 2688K, reserved 1048576K
GC Heap History (10 events):
Event: 10.980 GC heap before
{Heap before GC invocations=8 (full 0):
 PSYoungGen      total 143360K, used 142991K [0x00000000d5d80000, 0x00000000e7880000, 0x0000000100000000)
  eden space 132608K, 100% used [0x00000000d5d80000,0x00000000ddf00000,0x00000000ddf00000)
  from space 10752K, 96% used [0x00000000ddf00000,0x00000000de923eb8,0x00000000de980000)
  to   space 12288K, 0% used [0x00000000e6c80000,0x00000000e6c80000,0x00000000e7880000)
 ParOldGen       total 87552K, used 9394K [0x0000000081800000, 0x0000000086d80000, 0x00000000d5d80000)
  object space 87552K, 10% used [0x0000000081800000,0x000000008212cb30,0x0000000086d80000)
 Metaspace       used 16522K, capacity 17196K, committed 17536K, reserved 1064960K
  class space    used 2369K, capacity 2563K, committed 2688K, reserved 1048576K
Event: 11.031 GC heap after
Heap after GC invocations=8 (full 0):
 PSYoungGen      total 276992K, used 9861K [0x00000000d5d80000, 0x00000000e7980000, 0x0000000100000000)
  eden space 264704K, 0% used [0x00000000d5d80000,0x00000000d5d80000,0x00000000e6000000)
  from space 12288K, 80% used [0x00000000e6c80000,0x00000000e76216a8,0x00000000e7880000)
  to   space 12800K, 0% used [0x00000000e6000000,0x00000000e6000000,0x00000000e6c80000)
 ParOldGen       total 87552K, used 9636K [0x0000000081800000, 0x0000000086d80000, 0x00000000d5d80000)
  object space 87552K, 11% used [0x0000000081800000,0x0000000082169340,0x0000000086d80000)
 Metaspace       used 16522K, capacity 17196K, committed 17536K, reserved 1064960K
  class space    used 2369K, capacity 2563K, committed 2688K, reserved 1048576K
}
Event: 12.093 GC heap before
{Heap before GC invocations=9 (full 0):
 PSYoungGen      total 276992K, used 274565K [0x00000000d5d80000, 0x00000000e7980000, 0x0000000100000000)
  eden space 264704K, 100% used [0x00000000d5d80000,0x00000000e6000000,0x00000000e6000000)
  from space 12288K, 80% used [0x00000000e6c80000,0x00000000e76216a8,0x00000000e7880000)
  to   space 12800K, 0% used [0x00000000e6000000,0x00000000e6000000,0x00000000e6c80000)
 ParOldGen       total 87552K, used 9644K [0x0000000081800000, 0x0000000086d80000, 0x00000000d5d80000)
  object space 87552K, 11% used [0x0000000081800000,0x000000008216b0a0,0x0000000086d80000)
 Metaspace       used 16598K, capacity 17324K, committed 17536K, reserved 1064960K
  class space    used 2369K, capacity 2563K, committed 2688K, reserved 1048576K
Event: 12.126 GC heap after
Heap after GC invocations=9 (full 0):
 PSYoungGen      total 277504K, used 7045K [0x00000000d5d80000, 0x00000000f1380000, 0x0000000100000000)
  eden space 264704K, 0% used [0x00000000d5d80000,0x00000000d5d80000,0x00000000e6000000)
  from space 12800K, 55% used [0x00000000e6000000,0x00000000e66e1698,0x00000000e6c80000)
  to   space 12288K, 0% used [0x00000000f0780000,0x00000000f0780000,0x00000000f1380000)
 ParOldGen       total 87552K, used 12404K [0x0000000081800000, 0x0000000086d80000, 0x00000000d5d80000)
  object space 87552K, 14% used [0x0000000081800000,0x000000008241d0c0,0x0000000086d80000)
 Metaspace       used 16598K, capacity 17324K, committed 17536K, reserved 1064960K
  class space    used 2369K, capacity 2563K, committed 2688K, reserved 1048576K
}
Event: 13.883 GC heap before
{Heap before GC invocations=10 (full 0):
 PSYoungGen      total 277504K, used 271749K [0x00000000d5d80000, 0x00000000f1380000, 0x0000000100000000)
  eden space 264704K, 100% used [0x00000000d5d80000,0x00000000e6000000,0x00000000e6000000)
  from space 12800K, 55% used [0x00000000e6000000,0x00000000e66e1698,0x00000000e6c80000)
  to   space 12288K, 0% used [0x00000000f0780000,0x00000000f0780000,0x00000000f1380000)
 ParOldGen       total 87552K, used 12408K [0x0000000081800000, 0x0000000086d80000, 0x00000000d5d80000)
  object space 87552K, 14% used [0x0000000081800000,0x000000008241e248,0x0000000086d80000)
 Metaspace       used 16721K, capacity 17394K, committed 17792K, reserved 1064960K
  class space    used 2370K, capacity 2564K, committed 2688K, reserved 1048576K
Event: 13.921 GC heap after
Heap after GC invocations=10 (full 0):
 PSYoungGen      total 435712K, used 96K [0x00000000d5d80000, 0x00000000f1480000, 0x0000000100000000)
  eden space 423424K, 0% used [0x00000000d5d80000,0x00000000d5d80000,0x00000000efb00000)
  from space 12288K, 0% used [0x00000000f0780000,0x00000000f0798000,0x00000000f1380000)
  to   space 12800K, 0% used [0x00000000efb00000,0x00000000efb00000,0x00000000f0780000)
 ParOldGen       total 87552K, used 19407K [0x0000000081800000, 0x0000000086d80000, 0x00000000d5d80000)
  object space 87552K, 22% used [0x0000000081800000,0x0000000082af3d20,0x0000000086d80000)
 Metaspace       used 16721K, capacity 17394K, committed 17792K, reserved 1064960K
  class space    used 2370K, capacity 2564K, committed 2688K, reserved 1048576K
}
Event: 15.138 GC heap before
{Heap before GC invocations=11 (full 0):
 PSYoungGen      total 435712K, used 423520K [0x00000000d5d80000, 0x00000000f1480000, 0x0000000100000000)
  eden space 423424K, 100% used [0x00000000d5d80000,0x00000000efb00000,0x00000000efb00000)
  from space 12288K, 0% used [0x00000000f0780000,0x00000000f0798000,0x00000000f1380000)
  to   space 12800K, 0% used [0x00000000efb00000,0x00000000efb00000,0x00000000f0780000)
 ParOldGen       total 87552K, used 19424K [0x0000000081800000, 0x0000000086d80000, 0x00000000d5d80000)
  object space 87552K, 22% used [0x0000000081800000,0x0000000082af82f8,0x0000000086d80000)
 Metaspace       used 16744K, capacity 17458K, committed 17792K, reserved 1064960K
  class space    used 2370K, capacity 2564K, committed 2688K, reserved 1048576K
Event: 15.227 GC heap after
Heap after GC invocations=11 (full 0):
 PSYoungGen      total 436224K, used 128K [0x00000000d5d80000, 0x0000000100000000, 0x0000000100000000)
  eden space 423424K, 0% used [0x00000000d5d80000,0x00000000d5d80000,0x00000000efb00000)
  from space 12800K, 1% used [0x00000000efb00000,0x00000000efb20000,0x00000000f0780000)
  to   space 13312K, 0% used [0x00000000ff300000,0x00000000ff300000,0x0000000100000000)
 ParOldGen       total 87552K, used 19448K [0x0000000081800000, 0x0000000086d80000, 0x00000000d5d80000)
  object space 87552K, 22% used [0x0000000081800000,0x0000000082afe2f8,0x0000000086d80000)
 Metaspace       used 16744K, capacity 17458K, committed 17792K, reserved 1064960K
  class space    used 2370K, capacity 2564K, committed 2688K, reserved 1048576K
}
Event: 16.552 GC heap before
{Heap before GC invocations=12 (full 0):
 PSYoungGen      total 436224K, used 423552K [0x00000000d5d80000, 0x0000000100000000, 0x0000000100000000)
  eden space 423424K, 100% used [0x00000000d5d80000,0x00000000efb00000,0x00000000efb00000)
  from space 12800K, 1% used [0x00000000efb00000,0x00000000efb20000,0x00000000f0780000)
  to   space 13312K, 0% used [0x00000000ff300000,0x00000000ff300000,0x0000000100000000)
 ParOldGen       total 87552K, used 19457K [0x0000000081800000, 0x0000000086d80000, 0x00000000d5d80000)
  object space 87552K, 22% used [0x0000000081800000,0x0000000082b00480,0x0000000086d80000)
 Metaspace       used 16795K, capacity 17522K, committed 17792K, reserved 1064960K
  class space    used 2370K, capacity 2564K, committed 2688K, reserved 1048576K
Event: 16.557 GC heap after
Heap after GC invocations=12 (full 0):
 PSYoungGen      total 676352K, used 128K [0x00000000d5d80000, 0x0000000100000000, 0x0000000100000000)
  eden space 663040K, 0% used [0x00000000d5d80000,0x00000000d5d80000,0x00000000fe500000)
  from space 13312K, 0% used [0x00000000ff300000,0x00000000ff320000,0x0000000100000000)
  to   space 13824K, 0% used [0x00000000fe500000,0x00000000fe500000,0x00000000ff280000)
 ParOldGen       total 87552K, used 19473K [0x0000000081800000, 0x0000000086d80000, 0x00000000d5d80000)
  object space 87552K, 22% used [0x0000000081800000,0x0000000082b04480,0x0000000086d80000)
 Metaspace       used 16795K, capacity 17522K, committed 17792K, reserved 1064960K
  class space    used 2370K, capacity 2564K, committed 2688K, reserved 1048576K
}

