# JRE version: Java(TM) SE Runtime Environment (8.0_171-b11) (build 1.8.0_171-b11)
# Java VM: Java HotSpot(TM) 64-Bit Server VM (25.171-b11 mixed mode windows-amd64 compressed oops)
Heap:
 PSYoungGen      total 680448K, used 672959K [0x00000000d5d80000, 0x00000000ffe80000, 0x0000000100000000)
  eden space 672768K, 100% used [0x00000000d5d80000,0x00000000fee80000,0x00000000fee80000)
  from space 7680K, 2% used [0x00000000ff700000,0x00000000ff72fe78,0x00000000ffe80000)
  to   space 8192K, 0% used [0x00000000fee80000,0x00000000fee80000,0x00000000ff680000)
 ParOldGen       total 87552K, used 20247K [0x0000000081800000, 0x0000000086d80000, 0x00000000d5d80000)
  object space 87552K, 23% used [0x0000000081800000,0x0000000082bc5c78,0x0000000086d80000)
 Metaspace       used 17418K, capacity 18200K, committed 18304K, reserved 1064960K
  class space    used 2390K, capacity 2609K, committed 2688K, reserved 1048576K
GC Heap History (10 events):
Event: 15.873 GC heap before
{Heap before GC invocations=22 (full 0):
 PSYoungGen      total 677888K, used 666687K [0x00000000d5d80000, 0x00000000fff80000, 0x0000000100000000)
  eden space 666624K, 100% used [0x00000000d5d80000,0x00000000fe880000,0x00000000fe880000)
  from space 11264K, 0% used [0x00000000fe880000,0x00000000fe88fe78,0x00000000ff380000)
  to   space 10752K, 0% used [0x00000000ff500000,0x00000000ff500000,0x00000000fff80000)
 ParOldGen       total 87552K, used 19844K [0x0000000081800000, 0x0000000086d80000, 0x00000000d5d80000)
  object space 87552K, 22% used [0x0000000081800000,0x0000000082b611c0,0x0000000086d80000)
 Metaspace       used 17316K, capacity 18072K, committed 18304K, reserved 1064960K
  class space    used 2390K, capacity 2609K, committed 2688K, reserved 1048576K
Event: 15.876 GC heap after
Heap after GC invocations=22 (full 0):
 PSYoungGen      total 678400K, used 64K [0x00000000d5d80000, 0x00000000ffe80000, 0x0000000100000000)
  eden space 668672K, 0% used [0x00000000d5d80000,0x00000000d5d80000,0x00000000fea80000)
  from space 9728K, 0% used [0x00000000ff500000,0x00000000ff510000,0x00000000ffe80000)
  to   space 10240K, 0% used [0x00000000fea80000,0x00000000fea80000,0x00000000ff480000)
 ParOldGen       total 87552K, used 19884K [0x0000000081800000, 0x0000000086d80000, 0x00000000d5d80000)
  object space 87552K, 22% used [0x0000000081800000,0x0000000082b6b038,0x0000000086d80000)
 Metaspace       used 17316K, capacity 18072K, committed 18304K, reserved 1064960K
  class space    used 2390K, capacity 2609K, committed 2688K, reserved 1048576K
}
Event: 17.359 GC heap before
{Heap before GC invocations=23 (full 0):
 PSYoungGen      total 678400K, used 668736K [0x00000000d5d80000, 0x00000000ffe80000, 0x0000000100000000)
  eden space 668672K, 100% used [0x00000000d5d80000,0x00000000fea80000,0x00000000fea80000)
  from space 9728K, 0% used [0x00000000ff500000,0x00000000ff510000,0x00000000ffe80000)
  to   space 10240K, 0% used [0x00000000fea80000,0x00000000fea80000,0x00000000ff480000)
 ParOldGen       total 87552K, used 19911K [0x0000000081800000, 0x0000000086d80000, 0x00000000d5d80000)
  object space 87552K, 22% used [0x0000000081800000,0x0000000082b71c58,0x0000000086d80000)
 Metaspace       used 17393K, capacity 18136K, committed 18304K, reserved 1064960K
  class space    used 2390K, capacity 2609K, committed 2688K, reserved 1048576K
Event: 17.373 GC heap after
Heap after GC invocations=23 (full 0):
 PSYoungGen      total 678912K, used 159K [0x00000000d5d80000, 0x00000000fff80000, 0x0000000100000000)
  eden space 668672K, 0% used [0x00000000d5d80000,0x00000000d5d80000,0x00000000fea80000)
  from space 10240K, 1% used [0x00000000fea80000,0x00000000feaa7e78,0x00000000ff480000)
  to   space 9728K, 0% used [0x00000000ff600000,0x00000000ff600000,0x00000000fff80000)
 ParOldGen       total 87552K, used 19919K [0x0000000081800000, 0x0000000086d80000, 0x00000000d5d80000)
  object space 87552K, 22% used [0x0000000081800000,0x0000000082b73c58,0x0000000086d80000)
 Metaspace       used 17393K, capacity 18136K, committed 18304K, reserved 1064960K
  class space    used 2390K, capacity 2609K, committed 2688K, reserved 1048576K
}
Event: 17.813 GC heap before
{Heap before GC invocations=24 (full 0):
 PSYoungGen      total 678912K, used 668831K [0x00000000d5d80000, 0x00000000fff80000, 0x0000000100000000)
  eden space 668672K, 100% used [0x00000000d5d80000,0x00000000fea80000,0x00000000fea80000)
  from space 10240K, 1% used [0x00000000fea80000,0x00000000feaa7e78,0x00000000ff480000)
  to   space 9728K, 0% used [0x00000000ff600000,0x00000000ff600000,0x00000000fff80000)
 ParOldGen       total 87552K, used 19924K [0x0000000081800000, 0x0000000086d80000, 0x00000000d5d80000)
  object space 87552K, 22% used [0x0000000081800000,0x0000000082b75050,0x0000000086d80000)
 Metaspace       used 17396K, capacity 18136K, committed 18304K, reserved 1064960K
  class space    used 2390K, capacity 2609K, committed 2688K, reserved 1048576K
Event: 17.898 GC heap after
Heap after GC invocations=24 (full 0):
 PSYoungGen      total 679424K, used 96K [0x00000000d5d80000, 0x00000000ffe80000, 0x0000000100000000)
  eden space 670720K, 0% used [0x00000000d5d80000,0x00000000d5d80000,0x00000000fec80000)
  from space 8704K, 1% used [0x00000000ff600000,0x00000000ff618000,0x00000000ffe80000)
  to   space 9216K, 0% used [0x00000000fec80000,0x00000000fec80000,0x00000000ff580000)
 ParOldGen       total 87552K, used 20003K [0x0000000081800000, 0x0000000086d80000, 0x00000000d5d80000)
  object space 87552K, 22% used [0x0000000081800000,0x0000000082b88ec8,0x0000000086d80000)
 Metaspace       used 17396K, capacity 18136K, committed 18304K, reserved 1064960K
  class space    used 2390K, capacity 2609K, committed 2688K, reserved 1048576K
}
Event: 17.993 GC heap before
{Heap before GC invocations=25 (full 0):
 PSYoungGen      total 679424K, used 670816K [0x00000000d5d80000, 0x00000000ffe80000, 0x0000000100000000)
  eden space 670720K, 100% used [0x00000000d5d80000,0x00000000fec80000,0x00000000fec80000)
  from space 8704K, 1% used [0x00000000ff600000,0x00000000ff618000,0x00000000ffe80000)
  to   space 9216K, 0% used [0x00000000fec80000,0x00000000fec80000,0x00000000ff580000)
 ParOldGen       total 87552K, used 20003K [0x0000000081800000, 0x0000000086d80000, 0x00000000d5d80000)
  object space 87552K, 22% used [0x0000000081800000,0x0000000082b88ec8,0x0000000086d80000)
 Metaspace       used 17396K, capacity 18136K, committed 18304K, reserved 1064960K
  class space    used 2390K, capacity 2609K, committed 2688K, reserved 1048576K
Event: 18.032 GC heap after
Heap after GC invocations=25 (full 0):
 PSYoungGen      total 679936K, used 32K [0x00000000d5d80000, 0x00000000fff80000, 0x0000000100000000)
  eden space 670720K, 0% used [0x00000000d5d80000,0x00000000d5d80000,0x00000000fec80000)
  from space 9216K, 0% used [0x00000000fec80000,0x00000000fec88000,0x00000000ff580000)
  to   space 8704K, 0% used [0x00000000ff700000,0x00000000ff700000,0x00000000fff80000)
 ParOldGen       total 87552K, used 20011K [0x0000000081800000, 0x0000000086d80000, 0x00000000d5d80000)
  object space 87552K, 22% used [0x0000000081800000,0x0000000082b8aec8,0x0000000086d80000)
 Metaspace       used 17396K, capacity 18136K, committed 18304K, reserved 1064960K
  class space    used 2390K, capacity 2609K, committed 2688K, reserved 1048576K
}
Event: 19.358 GC heap before
{Heap before GC invocations=26 (full 0):
 PSYoungGen      total 679936K, used 670752K [0x00000000d5d80000, 0x00000000fff80000, 0x0000000100000000)
  eden space 670720K, 100% used [0x00000000d5d80000,0x00000000fec80000,0x00000000fec80000)
  from space 9216K, 0% used [0x00000000fec80000,0x00000000fec88000,0x00000000ff580000)
  to   space 8704K, 0% used [0x00000000ff700000,0x00000000ff700000,0x00000000fff80000)
 ParOldGen       total 87552K, used 20013K [0x0000000081800000, 0x0000000086d80000, 0x00000000d5d80000)
  object space 87552K, 22% used [0x0000000081800000,0x0000000082b8b7a8,0x0000000086d80000)
 Metaspace       used 17418K, capacity 18200K, committed 18304K, reserved 1064960K
  class space    used 2390K, capacity 2609K, committed 2688K, reserved 1048576K
Event: 19.373 GC heap after
Heap after GC invocations=26 (full 0):
 PSYoungGen      total 680448K, used 191K [0x00000000d5d80000, 0x00000000ffe80000, 0x0000000100000000)
  eden space 672768K, 0% used [0x00000000d5d80000,0x00000000d5d80000,0x00000000fee80000)
  from space 7680K, 2% used [0x00000000ff700000,0x00000000ff72fe78,0x00000000ffe80000)
  to   space 8192K, 0% used [0x00000000fee80000,0x00000000fee80000,0x00000000ff680000)
 ParOldGen       total 87552K, used 20021K [0x0000000081800000, 0x0000000086d80000, 0x00000000d5d80000)
  object space 87552K, 22% used [0x0000000081800000,0x0000000082b8d7a8,0x0000000086d80000)
 Metaspace       used 17418K, capacity 18200K, committed 18304K, reserved 1064960K
  class space    used 2390K, capacity 2609K, committed 2688K, reserved 1048576K
}

